[2023-02-03 19:17:21,814][torch.distributed.nn.jit.instantiator][INFO] - Created a temporary directory at /tmp/tmp1c9_jt3f
[2023-02-03 19:17:21,814][torch.distributed.nn.jit.instantiator][INFO] - Writing /tmp/tmp1c9_jt3f/_remote_module_non_scriptable.py
[2023-02-03 19:17:22,814][torch.distributed.distributed_c10d][INFO] - Added key: store_based_barrier_key:1 to store for rank: 1
[2023-02-03 19:17:22,825][torch.distributed.distributed_c10d][INFO] - Rank 1: Completed store-based barrier for key:store_based_barrier_key:1 with 2 nodes.
[2023-02-03 19:21:44,940][torch.distributed.nn.jit.instantiator][INFO] - Created a temporary directory at /tmp/tmptvap562f
[2023-02-03 19:21:44,940][torch.distributed.nn.jit.instantiator][INFO] - Writing /tmp/tmptvap562f/_remote_module_non_scriptable.py
[2023-02-03 19:21:45,937][torch.distributed.distributed_c10d][INFO] - Added key: store_based_barrier_key:1 to store for rank: 1
[2023-02-03 19:21:45,948][torch.distributed.distributed_c10d][INFO] - Rank 1: Completed store-based barrier for key:store_based_barrier_key:1 with 2 nodes.
[2023-02-03 19:42:04,636][torch.distributed.nn.jit.instantiator][INFO] - Created a temporary directory at /tmp/tmpvdwjxhhf
[2023-02-03 19:42:04,637][torch.distributed.nn.jit.instantiator][INFO] - Writing /tmp/tmpvdwjxhhf/_remote_module_non_scriptable.py
[2023-02-03 19:42:05,658][torch.distributed.distributed_c10d][INFO] - Added key: store_based_barrier_key:1 to store for rank: 1
[2023-02-03 19:42:05,669][torch.distributed.distributed_c10d][INFO] - Rank 1: Completed store-based barrier for key:store_based_barrier_key:1 with 2 nodes.
[2023-02-03 19:42:46,564][torch.distributed.nn.jit.instantiator][INFO] - Created a temporary directory at /tmp/tmpjm1ie8f9
[2023-02-03 19:42:46,564][torch.distributed.nn.jit.instantiator][INFO] - Writing /tmp/tmpjm1ie8f9/_remote_module_non_scriptable.py
[2023-02-03 19:42:47,605][torch.distributed.distributed_c10d][INFO] - Added key: store_based_barrier_key:1 to store for rank: 1
[2023-02-03 19:42:47,616][torch.distributed.distributed_c10d][INFO] - Rank 1: Completed store-based barrier for key:store_based_barrier_key:1 with 2 nodes.
[2023-02-03 20:30:18,166][torch.distributed.nn.jit.instantiator][INFO] - Created a temporary directory at /tmp/tmpk5nt0156
[2023-02-03 20:30:18,166][torch.distributed.nn.jit.instantiator][INFO] - Writing /tmp/tmpk5nt0156/_remote_module_non_scriptable.py
[2023-02-03 20:30:19,271][torch.distributed.distributed_c10d][INFO] - Added key: store_based_barrier_key:1 to store for rank: 1
[2023-02-03 20:30:19,282][torch.distributed.distributed_c10d][INFO] - Rank 1: Completed store-based barrier for key:store_based_barrier_key:1 with 2 nodes.
[2023-02-03 20:31:41,749][torch.distributed.nn.jit.instantiator][INFO] - Created a temporary directory at /tmp/tmpmn8983np
[2023-02-03 20:31:41,762][torch.distributed.nn.jit.instantiator][INFO] - Writing /tmp/tmpmn8983np/_remote_module_non_scriptable.py
[2023-02-03 20:31:42,826][torch.distributed.distributed_c10d][INFO] - Added key: store_based_barrier_key:1 to store for rank: 1
[2023-02-03 20:31:42,836][torch.distributed.distributed_c10d][INFO] - Rank 1: Completed store-based barrier for key:store_based_barrier_key:1 with 2 nodes.
[2023-02-03 20:38:19,290][torch.distributed.nn.jit.instantiator][INFO] - Created a temporary directory at /tmp/tmpjp2o39wa
[2023-02-03 20:38:19,291][torch.distributed.nn.jit.instantiator][INFO] - Writing /tmp/tmpjp2o39wa/_remote_module_non_scriptable.py
[2023-02-03 20:38:20,512][torch.distributed.distributed_c10d][INFO] - Added key: store_based_barrier_key:1 to store for rank: 1
[2023-02-03 20:38:20,523][torch.distributed.distributed_c10d][INFO] - Rank 1: Completed store-based barrier for key:store_based_barrier_key:1 with 2 nodes.
