[2023-02-03 19:17:17,877][torch.distributed.nn.jit.instantiator][INFO] - Created a temporary directory at /tmp/tmpv4vl8d5o
[2023-02-03 19:17:17,878][torch.distributed.nn.jit.instantiator][INFO] - Writing /tmp/tmpv4vl8d5o/_remote_module_non_scriptable.py
[2023-02-03 19:17:22,819][torch.distributed.distributed_c10d][INFO] - Added key: store_based_barrier_key:1 to store for rank: 0
[2023-02-03 19:17:22,820][torch.distributed.distributed_c10d][INFO] - Rank 0: Completed store-based barrier for key:store_based_barrier_key:1 with 2 nodes.
[2023-02-03 19:21:40,912][torch.distributed.nn.jit.instantiator][INFO] - Created a temporary directory at /tmp/tmpn3apor9x
[2023-02-03 19:21:40,912][torch.distributed.nn.jit.instantiator][INFO] - Writing /tmp/tmpn3apor9x/_remote_module_non_scriptable.py
[2023-02-03 19:21:45,942][torch.distributed.distributed_c10d][INFO] - Added key: store_based_barrier_key:1 to store for rank: 0
[2023-02-03 19:21:45,943][torch.distributed.distributed_c10d][INFO] - Rank 0: Completed store-based barrier for key:store_based_barrier_key:1 with 2 nodes.
[2023-02-03 19:42:00,549][torch.distributed.nn.jit.instantiator][INFO] - Created a temporary directory at /tmp/tmpezjjl8yo
[2023-02-03 19:42:00,549][torch.distributed.nn.jit.instantiator][INFO] - Writing /tmp/tmpezjjl8yo/_remote_module_non_scriptable.py
[2023-02-03 19:42:05,666][torch.distributed.distributed_c10d][INFO] - Added key: store_based_barrier_key:1 to store for rank: 0
[2023-02-03 19:42:05,666][torch.distributed.distributed_c10d][INFO] - Rank 0: Completed store-based barrier for key:store_based_barrier_key:1 with 2 nodes.
[2023-02-03 19:42:42,463][torch.distributed.nn.jit.instantiator][INFO] - Created a temporary directory at /tmp/tmpap2j1a81
[2023-02-03 19:42:42,464][torch.distributed.nn.jit.instantiator][INFO] - Writing /tmp/tmpap2j1a81/_remote_module_non_scriptable.py
[2023-02-03 19:42:47,606][torch.distributed.distributed_c10d][INFO] - Added key: store_based_barrier_key:1 to store for rank: 0
[2023-02-03 19:42:47,606][torch.distributed.distributed_c10d][INFO] - Rank 0: Completed store-based barrier for key:store_based_barrier_key:1 with 2 nodes.
[2023-02-03 20:30:13,968][torch.distributed.nn.jit.instantiator][INFO] - Created a temporary directory at /tmp/tmpss5zs89y
[2023-02-03 20:30:13,990][torch.distributed.nn.jit.instantiator][INFO] - Writing /tmp/tmpss5zs89y/_remote_module_non_scriptable.py
[2023-02-03 20:30:19,274][torch.distributed.distributed_c10d][INFO] - Added key: store_based_barrier_key:1 to store for rank: 0
[2023-02-03 20:30:19,274][torch.distributed.distributed_c10d][INFO] - Rank 0: Completed store-based barrier for key:store_based_barrier_key:1 with 2 nodes.
[2023-02-03 20:31:36,854][torch.distributed.nn.jit.instantiator][INFO] - Created a temporary directory at /tmp/tmp1_5doqj4
[2023-02-03 20:31:36,855][torch.distributed.nn.jit.instantiator][INFO] - Writing /tmp/tmp1_5doqj4/_remote_module_non_scriptable.py
[2023-02-03 20:31:42,836][torch.distributed.distributed_c10d][INFO] - Added key: store_based_barrier_key:1 to store for rank: 0
[2023-02-03 20:31:42,837][torch.distributed.distributed_c10d][INFO] - Rank 0: Completed store-based barrier for key:store_based_barrier_key:1 with 2 nodes.
[2023-02-03 20:33:04,361][azureml.core.run][INFO] - Could not load the run context. Logging offline
[2023-02-03 20:34:10,663][azureml.core.run][INFO] - Could not load the run context. Logging offline
[2023-02-03 20:35:21,376][azureml.core.run][INFO] - Could not load the run context. Logging offline
[2023-02-03 20:36:32,043][azureml.core.run][INFO] - Could not load the run context. Logging offline
[2023-02-03 20:37:48,482][azureml.core.run][INFO] - Could not load the run context. Logging offline
[2023-02-03 20:38:13,399][torch.distributed.nn.jit.instantiator][INFO] - Created a temporary directory at /tmp/tmp4836vrow
[2023-02-03 20:38:13,399][torch.distributed.nn.jit.instantiator][INFO] - Writing /tmp/tmp4836vrow/_remote_module_non_scriptable.py
[2023-02-03 20:38:20,521][torch.distributed.distributed_c10d][INFO] - Added key: store_based_barrier_key:1 to store for rank: 0
[2023-02-03 20:38:20,522][torch.distributed.distributed_c10d][INFO] - Rank 0: Completed store-based barrier for key:store_based_barrier_key:1 with 2 nodes.
[2023-02-03 20:40:28,977][azureml.core.run][INFO] - Could not load the run context. Logging offline
[2023-02-03 20:42:02,598][azureml.core.run][INFO] - Could not load the run context. Logging offline
[2023-02-03 20:43:36,478][azureml.core.run][INFO] - Could not load the run context. Logging offline
[2023-02-03 20:45:16,022][azureml.core.run][INFO] - Could not load the run context. Logging offline
[2023-02-03 20:46:57,079][azureml.core.run][INFO] - Could not load the run context. Logging offline
[2023-02-03 20:48:38,193][azureml.core.run][INFO] - Could not load the run context. Logging offline
[2023-02-03 20:50:20,771][azureml.core.run][INFO] - Could not load the run context. Logging offline
[2023-02-03 20:52:04,057][azureml.core.run][INFO] - Could not load the run context. Logging offline
