[2023-01-12 20:50:36,540][torch.distributed.distributed_c10d][INFO] - Added key: store_based_barrier_key:1 to store for rank: 1
[2023-01-12 20:50:36,540][torch.distributed.distributed_c10d][INFO] - Rank 1: Completed store-based barrier for key:store_based_barrier_key:1 with 2 nodes.
[2023-01-13 03:00:27,179][torch.distributed.distributed_c10d][INFO] - Added key: store_based_barrier_key:1 to store for rank: 1
[2023-01-13 03:00:27,189][torch.distributed.distributed_c10d][INFO] - Rank 1: Completed store-based barrier for key:store_based_barrier_key:1 with 2 nodes.
[2023-01-13 03:09:38,823][torch.distributed.distributed_c10d][INFO] - Added key: store_based_barrier_key:1 to store for rank: 1
[2023-01-13 03:09:38,834][torch.distributed.distributed_c10d][INFO] - Rank 1: Completed store-based barrier for key:store_based_barrier_key:1 with 2 nodes.
[2023-01-13 18:58:45,149][torch.distributed.distributed_c10d][INFO] - Added key: store_based_barrier_key:1 to store for rank: 1
[2023-01-13 18:58:45,162][torch.distributed.distributed_c10d][INFO] - Rank 1: Completed store-based barrier for key:store_based_barrier_key:1 with 2 nodes.
[2023-01-13 18:59:38,961][torch.distributed.distributed_c10d][INFO] - Added key: store_based_barrier_key:1 to store for rank: 1
[2023-01-13 18:59:38,971][torch.distributed.distributed_c10d][INFO] - Rank 1: Completed store-based barrier for key:store_based_barrier_key:1 with 2 nodes.
[2023-01-13 19:00:34,443][torch.distributed.distributed_c10d][INFO] - Added key: store_based_barrier_key:1 to store for rank: 1
[2023-01-13 19:00:34,453][torch.distributed.distributed_c10d][INFO] - Rank 1: Completed store-based barrier for key:store_based_barrier_key:1 with 2 nodes.
[2023-01-13 19:03:58,778][torch.distributed.distributed_c10d][INFO] - Added key: store_based_barrier_key:1 to store for rank: 1
[2023-01-13 19:03:58,789][torch.distributed.distributed_c10d][INFO] - Rank 1: Completed store-based barrier for key:store_based_barrier_key:1 with 2 nodes.
[2023-01-13 19:07:38,394][torch.distributed.distributed_c10d][INFO] - Added key: store_based_barrier_key:1 to store for rank: 1
[2023-01-13 19:07:38,404][torch.distributed.distributed_c10d][INFO] - Rank 1: Completed store-based barrier for key:store_based_barrier_key:1 with 2 nodes.
[2023-01-13 19:21:53,248][torch.distributed.distributed_c10d][INFO] - Added key: store_based_barrier_key:1 to store for rank: 1
[2023-01-13 19:21:53,258][torch.distributed.distributed_c10d][INFO] - Rank 1: Completed store-based barrier for key:store_based_barrier_key:1 with 2 nodes.
[2023-01-13 19:25:37,018][torch.distributed.distributed_c10d][INFO] - Added key: store_based_barrier_key:1 to store for rank: 1
[2023-01-13 19:25:37,028][torch.distributed.distributed_c10d][INFO] - Rank 1: Completed store-based barrier for key:store_based_barrier_key:1 with 2 nodes.
[2023-01-13 19:31:40,055][torch.distributed.distributed_c10d][INFO] - Added key: store_based_barrier_key:1 to store for rank: 1
[2023-01-13 19:31:40,065][torch.distributed.distributed_c10d][INFO] - Rank 1: Completed store-based barrier for key:store_based_barrier_key:1 with 2 nodes.
[2023-01-13 22:22:50,043][torch.distributed.distributed_c10d][INFO] - Added key: store_based_barrier_key:1 to store for rank: 1
[2023-01-13 22:22:50,053][torch.distributed.distributed_c10d][INFO] - Rank 1: Completed store-based barrier for key:store_based_barrier_key:1 with 2 nodes.
[2023-01-15 15:16:57,784][torch.distributed.distributed_c10d][INFO] - Added key: store_based_barrier_key:1 to store for rank: 1
[2023-01-15 15:16:57,805][torch.distributed.distributed_c10d][INFO] - Rank 1: Completed store-based barrier for key:store_based_barrier_key:1 with 2 nodes.
[2023-01-15 15:38:55,668][torch.distributed.distributed_c10d][INFO] - Added key: store_based_barrier_key:1 to store for rank: 1
[2023-01-15 15:38:55,678][torch.distributed.distributed_c10d][INFO] - Rank 1: Completed store-based barrier for key:store_based_barrier_key:1 with 2 nodes.
[2023-01-15 15:46:58,445][torch.distributed.distributed_c10d][INFO] - Added key: store_based_barrier_key:1 to store for rank: 1
[2023-01-15 15:46:58,456][torch.distributed.distributed_c10d][INFO] - Rank 1: Completed store-based barrier for key:store_based_barrier_key:1 with 2 nodes.
[2023-01-15 15:49:24,361][torch.distributed.distributed_c10d][INFO] - Added key: store_based_barrier_key:1 to store for rank: 1
[2023-01-15 15:49:24,371][torch.distributed.distributed_c10d][INFO] - Rank 1: Completed store-based barrier for key:store_based_barrier_key:1 with 2 nodes.
[2023-01-15 15:51:03,753][torch.distributed.distributed_c10d][INFO] - Added key: store_based_barrier_key:1 to store for rank: 1
[2023-01-15 15:51:03,764][torch.distributed.distributed_c10d][INFO] - Rank 1: Completed store-based barrier for key:store_based_barrier_key:1 with 2 nodes.
[2023-01-15 15:55:09,471][torch.distributed.distributed_c10d][INFO] - Added key: store_based_barrier_key:1 to store for rank: 1
[2023-01-15 15:55:09,482][torch.distributed.distributed_c10d][INFO] - Rank 1: Completed store-based barrier for key:store_based_barrier_key:1 with 2 nodes.
[2023-01-15 15:55:50,671][torch.distributed.distributed_c10d][INFO] - Added key: store_based_barrier_key:1 to store for rank: 1
[2023-01-15 15:55:50,682][torch.distributed.distributed_c10d][INFO] - Rank 1: Completed store-based barrier for key:store_based_barrier_key:1 with 2 nodes.
[2023-01-15 15:59:48,783][torch.distributed.distributed_c10d][INFO] - Added key: store_based_barrier_key:1 to store for rank: 1
[2023-01-15 15:59:48,793][torch.distributed.distributed_c10d][INFO] - Rank 1: Completed store-based barrier for key:store_based_barrier_key:1 with 2 nodes.
[2023-01-15 16:11:10,294][torch.distributed.distributed_c10d][INFO] - Added key: store_based_barrier_key:1 to store for rank: 1
[2023-01-15 16:11:10,305][torch.distributed.distributed_c10d][INFO] - Rank 1: Completed store-based barrier for key:store_based_barrier_key:1 with 2 nodes.
[2023-01-15 17:09:38,744][torch.distributed.distributed_c10d][INFO] - Added key: store_based_barrier_key:1 to store for rank: 1
[2023-01-15 17:09:38,755][torch.distributed.distributed_c10d][INFO] - Rank 1: Completed store-based barrier for key:store_based_barrier_key:1 with 2 nodes.
[2023-01-15 17:10:26,587][torch.distributed.distributed_c10d][INFO] - Added key: store_based_barrier_key:1 to store for rank: 1
[2023-01-15 17:10:26,597][torch.distributed.distributed_c10d][INFO] - Rank 1: Completed store-based barrier for key:store_based_barrier_key:1 with 2 nodes.
[2023-01-15 20:24:28,952][torch.distributed.distributed_c10d][INFO] - Added key: store_based_barrier_key:1 to store for rank: 1
[2023-01-15 20:24:28,962][torch.distributed.distributed_c10d][INFO] - Rank 1: Completed store-based barrier for key:store_based_barrier_key:1 with 2 nodes.
[2023-01-15 20:26:30,587][torch.distributed.distributed_c10d][INFO] - Added key: store_based_barrier_key:1 to store for rank: 1
[2023-01-15 20:26:30,598][torch.distributed.distributed_c10d][INFO] - Rank 1: Completed store-based barrier for key:store_based_barrier_key:1 with 2 nodes.
[2023-01-15 21:57:55,292][torch.distributed.distributed_c10d][INFO] - Added key: store_based_barrier_key:1 to store for rank: 1
[2023-01-15 21:57:55,302][torch.distributed.distributed_c10d][INFO] - Rank 1: Completed store-based barrier for key:store_based_barrier_key:1 with 2 nodes.
[2023-01-15 22:16:48,456][torch.distributed.distributed_c10d][INFO] - Added key: store_based_barrier_key:1 to store for rank: 1
[2023-01-15 22:16:48,467][torch.distributed.distributed_c10d][INFO] - Rank 1: Completed store-based barrier for key:store_based_barrier_key:1 with 2 nodes.
[2023-01-16 00:54:48,016][torch.distributed.distributed_c10d][INFO] - Added key: store_based_barrier_key:1 to store for rank: 1
[2023-01-16 00:54:48,027][torch.distributed.distributed_c10d][INFO] - Rank 1: Completed store-based barrier for key:store_based_barrier_key:1 with 2 nodes.
[2023-01-16 00:55:28,430][torch.distributed.distributed_c10d][INFO] - Added key: store_based_barrier_key:1 to store for rank: 1
[2023-01-16 00:55:28,441][torch.distributed.distributed_c10d][INFO] - Rank 1: Completed store-based barrier for key:store_based_barrier_key:1 with 2 nodes.
[2023-01-16 00:58:03,784][torch.distributed.distributed_c10d][INFO] - Added key: store_based_barrier_key:1 to store for rank: 1
[2023-01-16 00:58:03,795][torch.distributed.distributed_c10d][INFO] - Rank 1: Completed store-based barrier for key:store_based_barrier_key:1 with 2 nodes.
[2023-01-16 01:21:10,872][torch.distributed.distributed_c10d][INFO] - Added key: store_based_barrier_key:1 to store for rank: 1
[2023-01-16 01:21:10,883][torch.distributed.distributed_c10d][INFO] - Rank 1: Completed store-based barrier for key:store_based_barrier_key:1 with 2 nodes.
[2023-01-16 13:51:03,789][torch.distributed.distributed_c10d][INFO] - Added key: store_based_barrier_key:1 to store for rank: 1
[2023-01-16 13:51:03,799][torch.distributed.distributed_c10d][INFO] - Rank 1: Completed store-based barrier for key:store_based_barrier_key:1 with 2 nodes.
[2023-01-16 15:58:09,001][torch.distributed.distributed_c10d][INFO] - Added key: store_based_barrier_key:1 to store for rank: 1
[2023-01-16 15:58:09,012][torch.distributed.distributed_c10d][INFO] - Rank 1: Completed store-based barrier for key:store_based_barrier_key:1 with 2 nodes.
[2023-01-16 15:58:54,923][torch.distributed.distributed_c10d][INFO] - Added key: store_based_barrier_key:1 to store for rank: 1
[2023-01-16 15:58:54,933][torch.distributed.distributed_c10d][INFO] - Rank 1: Completed store-based barrier for key:store_based_barrier_key:1 with 2 nodes.
[2023-01-16 20:40:13,890][torch.distributed.distributed_c10d][INFO] - Added key: store_based_barrier_key:1 to store for rank: 1
[2023-01-16 20:40:13,911][torch.distributed.distributed_c10d][INFO] - Rank 1: Completed store-based barrier for key:store_based_barrier_key:1 with 2 nodes.
[2023-01-16 20:40:54,487][torch.distributed.distributed_c10d][INFO] - Added key: store_based_barrier_key:1 to store for rank: 1
[2023-01-16 20:40:54,497][torch.distributed.distributed_c10d][INFO] - Rank 1: Completed store-based barrier for key:store_based_barrier_key:1 with 2 nodes.
[2023-01-16 20:47:10,245][torch.distributed.distributed_c10d][INFO] - Added key: store_based_barrier_key:1 to store for rank: 1
[2023-01-16 20:47:10,256][torch.distributed.distributed_c10d][INFO] - Rank 1: Completed store-based barrier for key:store_based_barrier_key:1 with 2 nodes.
[2023-01-16 20:50:04,567][torch.distributed.distributed_c10d][INFO] - Added key: store_based_barrier_key:1 to store for rank: 1
[2023-01-16 20:50:04,577][torch.distributed.distributed_c10d][INFO] - Rank 1: Completed store-based barrier for key:store_based_barrier_key:1 with 2 nodes.
[2023-01-16 20:50:22,239][torch.distributed.distributed_c10d][INFO] - Added key: store_based_barrier_key:1 to store for rank: 1
[2023-01-16 20:50:22,250][torch.distributed.distributed_c10d][INFO] - Rank 1: Completed store-based barrier for key:store_based_barrier_key:1 with 2 nodes.
[2023-01-16 20:56:17,220][torch.distributed.distributed_c10d][INFO] - Added key: store_based_barrier_key:1 to store for rank: 1
[2023-01-16 20:56:17,230][torch.distributed.distributed_c10d][INFO] - Rank 1: Completed store-based barrier for key:store_based_barrier_key:1 with 2 nodes.
[2023-01-16 20:56:35,366][torch.distributed.distributed_c10d][INFO] - Added key: store_based_barrier_key:1 to store for rank: 1
[2023-01-16 20:56:35,376][torch.distributed.distributed_c10d][INFO] - Rank 1: Completed store-based barrier for key:store_based_barrier_key:1 with 2 nodes.
[2023-01-17 07:32:10,733][torch.distributed.distributed_c10d][INFO] - Added key: store_based_barrier_key:1 to store for rank: 1
[2023-01-17 07:32:10,743][torch.distributed.distributed_c10d][INFO] - Rank 1: Completed store-based barrier for key:store_based_barrier_key:1 with 2 nodes.
[2023-01-17 12:34:35,694][torch.distributed.distributed_c10d][INFO] - Added key: store_based_barrier_key:1 to store for rank: 1
[2023-01-17 12:34:35,704][torch.distributed.distributed_c10d][INFO] - Rank 1: Completed store-based barrier for key:store_based_barrier_key:1 with 2 nodes.
[2023-01-17 17:59:17,859][torch.distributed.distributed_c10d][INFO] - Added key: store_based_barrier_key:1 to store for rank: 1
[2023-01-17 17:59:17,927][torch.distributed.distributed_c10d][INFO] - Rank 1: Completed store-based barrier for key:store_based_barrier_key:1 with 2 nodes.
[2023-01-17 18:29:41,896][torch.distributed.distributed_c10d][INFO] - Added key: store_based_barrier_key:1 to store for rank: 1
[2023-01-17 18:29:41,908][torch.distributed.distributed_c10d][INFO] - Rank 1: Completed store-based barrier for key:store_based_barrier_key:1 with 2 nodes.
[2023-01-18 00:17:21,256][torch.distributed.distributed_c10d][INFO] - Added key: store_based_barrier_key:1 to store for rank: 1
[2023-01-18 00:17:21,266][torch.distributed.distributed_c10d][INFO] - Rank 1: Completed store-based barrier for key:store_based_barrier_key:1 with 2 nodes.
[2023-01-18 00:18:42,685][torch.distributed.distributed_c10d][INFO] - Added key: store_based_barrier_key:1 to store for rank: 1
[2023-01-18 00:18:42,695][torch.distributed.distributed_c10d][INFO] - Rank 1: Completed store-based barrier for key:store_based_barrier_key:1 with 2 nodes.
[2023-01-18 20:46:50,928][torch.distributed.distributed_c10d][INFO] - Added key: store_based_barrier_key:1 to store for rank: 1
[2023-01-18 20:46:50,938][torch.distributed.distributed_c10d][INFO] - Rank 1: Completed store-based barrier for key:store_based_barrier_key:1 with 2 nodes.
[2023-01-18 21:29:26,261][torch.distributed.distributed_c10d][INFO] - Added key: store_based_barrier_key:1 to store for rank: 1
[2023-01-18 21:29:26,272][torch.distributed.distributed_c10d][INFO] - Rank 1: Completed store-based barrier for key:store_based_barrier_key:1 with 2 nodes.
[2023-01-18 21:37:07,927][torch.distributed.distributed_c10d][INFO] - Added key: store_based_barrier_key:1 to store for rank: 1
[2023-01-18 21:37:07,937][torch.distributed.distributed_c10d][INFO] - Rank 1: Completed store-based barrier for key:store_based_barrier_key:1 with 2 nodes.
[2023-01-18 23:51:51,160][torch.distributed.distributed_c10d][INFO] - Added key: store_based_barrier_key:1 to store for rank: 1
[2023-01-18 23:51:51,170][torch.distributed.distributed_c10d][INFO] - Rank 1: Completed store-based barrier for key:store_based_barrier_key:1 with 2 nodes.
[2023-01-19 19:50:16,111][torch.distributed.distributed_c10d][INFO] - Added key: store_based_barrier_key:1 to store for rank: 1
[2023-01-19 19:50:16,122][torch.distributed.distributed_c10d][INFO] - Rank 1: Completed store-based barrier for key:store_based_barrier_key:1 with 2 nodes.
[2023-01-19 22:29:28,255][torch.distributed.distributed_c10d][INFO] - Added key: store_based_barrier_key:1 to store for rank: 1
[2023-01-19 22:29:28,266][torch.distributed.distributed_c10d][INFO] - Rank 1: Completed store-based barrier for key:store_based_barrier_key:1 with 2 nodes.
[2023-01-30 17:10:48,410][torch.distributed.distributed_c10d][INFO] - Added key: store_based_barrier_key:1 to store for rank: 1
[2023-01-30 17:10:48,433][torch.distributed.distributed_c10d][INFO] - Rank 1: Completed store-based barrier for key:store_based_barrier_key:1 with 2 nodes.
[2023-01-30 17:11:43,462][torch.distributed.distributed_c10d][INFO] - Added key: store_based_barrier_key:1 to store for rank: 1
[2023-01-30 17:11:43,472][torch.distributed.distributed_c10d][INFO] - Rank 1: Completed store-based barrier for key:store_based_barrier_key:1 with 2 nodes.
[2023-01-30 17:12:26,926][torch.distributed.distributed_c10d][INFO] - Added key: store_based_barrier_key:1 to store for rank: 1
[2023-01-30 17:12:26,936][torch.distributed.distributed_c10d][INFO] - Rank 1: Completed store-based barrier for key:store_based_barrier_key:1 with 2 nodes.
[2023-01-30 17:15:12,482][torch.distributed.distributed_c10d][INFO] - Added key: store_based_barrier_key:1 to store for rank: 1
[2023-01-30 17:15:12,492][torch.distributed.distributed_c10d][INFO] - Rank 1: Completed store-based barrier for key:store_based_barrier_key:1 with 2 nodes.
[2023-01-30 17:15:38,120][torch.distributed.distributed_c10d][INFO] - Added key: store_based_barrier_key:1 to store for rank: 1
[2023-01-30 17:15:38,130][torch.distributed.distributed_c10d][INFO] - Rank 1: Completed store-based barrier for key:store_based_barrier_key:1 with 2 nodes.
[2023-01-30 17:17:44,770][torch.distributed.distributed_c10d][INFO] - Added key: store_based_barrier_key:1 to store for rank: 1
[2023-01-30 17:17:44,781][torch.distributed.distributed_c10d][INFO] - Rank 1: Completed store-based barrier for key:store_based_barrier_key:1 with 2 nodes.
[2023-01-30 17:18:36,690][torch.distributed.distributed_c10d][INFO] - Added key: store_based_barrier_key:1 to store for rank: 1
[2023-01-30 17:18:36,701][torch.distributed.distributed_c10d][INFO] - Rank 1: Completed store-based barrier for key:store_based_barrier_key:1 with 2 nodes.
[2023-01-30 17:22:16,263][torch.distributed.distributed_c10d][INFO] - Added key: store_based_barrier_key:1 to store for rank: 1
[2023-01-30 17:22:16,274][torch.distributed.distributed_c10d][INFO] - Rank 1: Completed store-based barrier for key:store_based_barrier_key:1 with 2 nodes.
[2023-01-30 19:56:55,461][torch.distributed.nn.jit.instantiator][INFO] - Created a temporary directory at /tmp/tmp5nm1vd76
[2023-01-30 19:56:55,461][torch.distributed.nn.jit.instantiator][INFO] - Writing /tmp/tmp5nm1vd76/_remote_module_non_scriptable.py
[2023-01-30 19:56:57,781][torch.distributed.distributed_c10d][INFO] - Added key: store_based_barrier_key:1 to store for rank: 1
[2023-01-30 19:56:57,792][torch.distributed.distributed_c10d][INFO] - Rank 1: Completed store-based barrier for key:store_based_barrier_key:1 with 2 nodes.
[2023-01-31 14:55:02,369][torch.distributed.nn.jit.instantiator][INFO] - Created a temporary directory at /tmp/tmp32oundtu
[2023-01-31 14:55:02,369][torch.distributed.nn.jit.instantiator][INFO] - Writing /tmp/tmp32oundtu/_remote_module_non_scriptable.py
[2023-01-31 14:55:04,339][torch.distributed.distributed_c10d][INFO] - Added key: store_based_barrier_key:1 to store for rank: 1
[2023-01-31 14:55:04,360][torch.distributed.distributed_c10d][INFO] - Rank 1: Completed store-based barrier for key:store_based_barrier_key:1 with 2 nodes.
[2023-02-02 01:00:31,077][torch.distributed.nn.jit.instantiator][INFO] - Created a temporary directory at /tmp/tmptqbqvehi
[2023-02-02 01:00:31,103][torch.distributed.nn.jit.instantiator][INFO] - Writing /tmp/tmptqbqvehi/_remote_module_non_scriptable.py
[2023-02-02 01:00:33,020][torch.distributed.distributed_c10d][INFO] - Added key: store_based_barrier_key:1 to store for rank: 1
[2023-02-02 01:00:33,030][torch.distributed.distributed_c10d][INFO] - Rank 1: Completed store-based barrier for key:store_based_barrier_key:1 with 2 nodes.
[2023-02-02 14:45:43,201][torch.distributed.nn.jit.instantiator][INFO] - Created a temporary directory at /tmp/tmp_lt_b7ut
[2023-02-02 14:45:43,202][torch.distributed.nn.jit.instantiator][INFO] - Writing /tmp/tmp_lt_b7ut/_remote_module_non_scriptable.py
[2023-02-02 14:45:45,063][torch.distributed.distributed_c10d][INFO] - Added key: store_based_barrier_key:1 to store for rank: 1
[2023-02-02 14:45:45,074][torch.distributed.distributed_c10d][INFO] - Rank 1: Completed store-based barrier for key:store_based_barrier_key:1 with 2 nodes.
[2023-02-03 01:00:19,652][torch.distributed.nn.jit.instantiator][INFO] - Created a temporary directory at /tmp/tmpg5si0ofh
[2023-02-03 01:00:19,652][torch.distributed.nn.jit.instantiator][INFO] - Writing /tmp/tmpg5si0ofh/_remote_module_non_scriptable.py
[2023-02-03 01:00:21,400][torch.distributed.distributed_c10d][INFO] - Added key: store_based_barrier_key:1 to store for rank: 1
[2023-02-03 01:00:21,411][torch.distributed.distributed_c10d][INFO] - Rank 1: Completed store-based barrier for key:store_based_barrier_key:1 with 2 nodes.
[2023-02-03 12:24:36,453][torch.distributed.nn.jit.instantiator][INFO] - Created a temporary directory at /tmp/tmpakjzsjhy
[2023-02-03 12:24:36,454][torch.distributed.nn.jit.instantiator][INFO] - Writing /tmp/tmpakjzsjhy/_remote_module_non_scriptable.py
[2023-02-03 12:24:37,397][torch.distributed.distributed_c10d][INFO] - Added key: store_based_barrier_key:1 to store for rank: 1
[2023-02-03 12:24:37,407][torch.distributed.distributed_c10d][INFO] - Rank 1: Completed store-based barrier for key:store_based_barrier_key:1 with 2 nodes.
[2023-02-03 20:54:08,041][torch.distributed.nn.jit.instantiator][INFO] - Created a temporary directory at /tmp/tmppq224f_c
[2023-02-03 20:54:08,073][torch.distributed.nn.jit.instantiator][INFO] - Writing /tmp/tmppq224f_c/_remote_module_non_scriptable.py
[2023-02-03 20:54:13,247][torch.distributed.distributed_c10d][INFO] - Added key: store_based_barrier_key:1 to store for rank: 1
[2023-02-03 20:54:13,258][torch.distributed.distributed_c10d][INFO] - Rank 1: Completed store-based barrier for key:store_based_barrier_key:1 with 2 nodes.
[2023-02-03 20:56:57,818][torch.distributed.nn.jit.instantiator][INFO] - Created a temporary directory at /tmp/tmpv4d7cz6y
[2023-02-03 20:56:57,820][torch.distributed.nn.jit.instantiator][INFO] - Writing /tmp/tmpv4d7cz6y/_remote_module_non_scriptable.py
[2023-02-03 20:57:03,057][torch.distributed.distributed_c10d][INFO] - Added key: store_based_barrier_key:1 to store for rank: 1
[2023-02-03 20:57:03,069][torch.distributed.distributed_c10d][INFO] - Rank 1: Completed store-based barrier for key:store_based_barrier_key:1 with 2 nodes.
[2023-02-03 21:00:35,096][torch.distributed.nn.jit.instantiator][INFO] - Created a temporary directory at /tmp/tmpphd3iofd
[2023-02-03 21:00:35,098][torch.distributed.nn.jit.instantiator][INFO] - Writing /tmp/tmpphd3iofd/_remote_module_non_scriptable.py
[2023-02-03 21:00:40,724][torch.distributed.distributed_c10d][INFO] - Added key: store_based_barrier_key:1 to store for rank: 1
[2023-02-03 21:00:40,736][torch.distributed.distributed_c10d][INFO] - Rank 1: Completed store-based barrier for key:store_based_barrier_key:1 with 2 nodes.
[2023-02-03 21:06:02,671][torch.distributed.nn.jit.instantiator][INFO] - Created a temporary directory at /tmp/tmp3f63_yzc
[2023-02-03 21:06:02,671][torch.distributed.nn.jit.instantiator][INFO] - Writing /tmp/tmp3f63_yzc/_remote_module_non_scriptable.py
[2023-02-03 21:06:03,951][torch.distributed.distributed_c10d][INFO] - Added key: store_based_barrier_key:1 to store for rank: 1
[2023-02-03 21:06:03,961][torch.distributed.distributed_c10d][INFO] - Rank 1: Completed store-based barrier for key:store_based_barrier_key:1 with 2 nodes.
[2023-02-04 02:02:33,822][torch.distributed.nn.jit.instantiator][INFO] - Created a temporary directory at /tmp/tmpr08y71em
[2023-02-04 02:02:33,822][torch.distributed.nn.jit.instantiator][INFO] - Writing /tmp/tmpr08y71em/_remote_module_non_scriptable.py
[2023-02-04 02:02:34,931][torch.distributed.distributed_c10d][INFO] - Added key: store_based_barrier_key:1 to store for rank: 1
[2023-02-04 02:02:34,942][torch.distributed.distributed_c10d][INFO] - Rank 1: Completed store-based barrier for key:store_based_barrier_key:1 with 2 nodes.
[2023-02-04 10:12:44,040][torch.distributed.nn.jit.instantiator][INFO] - Created a temporary directory at /tmp/tmphbbw_if8
[2023-02-04 10:12:44,070][torch.distributed.nn.jit.instantiator][INFO] - Writing /tmp/tmphbbw_if8/_remote_module_non_scriptable.py
[2023-02-04 10:12:46,327][torch.distributed.distributed_c10d][INFO] - Added key: store_based_barrier_key:1 to store for rank: 1
[2023-02-04 10:12:46,337][torch.distributed.distributed_c10d][INFO] - Rank 1: Completed store-based barrier for key:store_based_barrier_key:1 with 2 nodes.
[2023-02-04 10:14:23,455][torch.distributed.nn.jit.instantiator][INFO] - Created a temporary directory at /tmp/tmp03_ut1ay
[2023-02-04 10:14:23,456][torch.distributed.nn.jit.instantiator][INFO] - Writing /tmp/tmp03_ut1ay/_remote_module_non_scriptable.py
[2023-02-04 10:14:25,768][torch.distributed.distributed_c10d][INFO] - Added key: store_based_barrier_key:1 to store for rank: 1
[2023-02-04 10:14:25,778][torch.distributed.distributed_c10d][INFO] - Rank 1: Completed store-based barrier for key:store_based_barrier_key:1 with 2 nodes.
[2023-02-04 10:23:19,505][torch.distributed.nn.jit.instantiator][INFO] - Created a temporary directory at /tmp/tmpx26vc140
[2023-02-04 10:23:19,506][torch.distributed.nn.jit.instantiator][INFO] - Writing /tmp/tmpx26vc140/_remote_module_non_scriptable.py
[2023-02-04 10:23:25,002][torch.distributed.distributed_c10d][INFO] - Added key: store_based_barrier_key:1 to store for rank: 1
[2023-02-04 10:23:25,012][torch.distributed.distributed_c10d][INFO] - Rank 1: Completed store-based barrier for key:store_based_barrier_key:1 with 2 nodes.
[2023-02-04 12:47:09,505][torch.distributed.nn.jit.instantiator][INFO] - Created a temporary directory at /tmp/tmps9c61ygp
[2023-02-04 12:47:09,506][torch.distributed.nn.jit.instantiator][INFO] - Writing /tmp/tmps9c61ygp/_remote_module_non_scriptable.py
[2023-02-04 12:47:21,113][torch.distributed.distributed_c10d][INFO] - Added key: store_based_barrier_key:1 to store for rank: 1
[2023-02-04 12:47:21,124][torch.distributed.distributed_c10d][INFO] - Rank 1: Completed store-based barrier for key:store_based_barrier_key:1 with 2 nodes.
[2023-02-04 12:59:35,150][torch.distributed.nn.jit.instantiator][INFO] - Created a temporary directory at /tmp/tmp0zztxsuw
[2023-02-04 12:59:35,152][torch.distributed.nn.jit.instantiator][INFO] - Writing /tmp/tmp0zztxsuw/_remote_module_non_scriptable.py
[2023-02-04 12:59:46,594][torch.distributed.distributed_c10d][INFO] - Added key: store_based_barrier_key:1 to store for rank: 1
[2023-02-04 12:59:46,606][torch.distributed.distributed_c10d][INFO] - Rank 1: Completed store-based barrier for key:store_based_barrier_key:1 with 2 nodes.
[2023-02-04 13:03:26,120][torch.distributed.nn.jit.instantiator][INFO] - Created a temporary directory at /tmp/tmpjxq17r6e
[2023-02-04 13:03:26,122][torch.distributed.nn.jit.instantiator][INFO] - Writing /tmp/tmpjxq17r6e/_remote_module_non_scriptable.py
[2023-02-04 13:03:38,134][torch.distributed.distributed_c10d][INFO] - Added key: store_based_barrier_key:1 to store for rank: 1
[2023-02-04 13:03:38,146][torch.distributed.distributed_c10d][INFO] - Rank 1: Completed store-based barrier for key:store_based_barrier_key:1 with 2 nodes.
[2023-02-04 13:14:01,699][torch.distributed.nn.jit.instantiator][INFO] - Created a temporary directory at /tmp/tmpgres804n
[2023-02-04 13:14:01,699][torch.distributed.nn.jit.instantiator][INFO] - Writing /tmp/tmpgres804n/_remote_module_non_scriptable.py
[2023-02-04 13:14:08,403][torch.distributed.distributed_c10d][INFO] - Added key: store_based_barrier_key:1 to store for rank: 1
[2023-02-04 13:14:08,414][torch.distributed.distributed_c10d][INFO] - Rank 1: Completed store-based barrier for key:store_based_barrier_key:1 with 2 nodes.
[2023-02-04 14:38:53,840][torch.distributed.nn.jit.instantiator][INFO] - Created a temporary directory at /tmp/tmpbuc1owg_
[2023-02-04 14:38:53,841][torch.distributed.nn.jit.instantiator][INFO] - Writing /tmp/tmpbuc1owg_/_remote_module_non_scriptable.py
[2023-02-04 14:39:00,178][torch.distributed.distributed_c10d][INFO] - Added key: store_based_barrier_key:1 to store for rank: 1
[2023-02-04 14:39:00,189][torch.distributed.distributed_c10d][INFO] - Rank 1: Completed store-based barrier for key:store_based_barrier_key:1 with 2 nodes.
[2023-02-04 14:40:53,159][torch.distributed.nn.jit.instantiator][INFO] - Created a temporary directory at /tmp/tmpuca3kong
[2023-02-04 14:40:53,161][torch.distributed.nn.jit.instantiator][INFO] - Writing /tmp/tmpuca3kong/_remote_module_non_scriptable.py
[2023-02-04 14:40:59,629][torch.distributed.distributed_c10d][INFO] - Added key: store_based_barrier_key:1 to store for rank: 1
[2023-02-04 14:40:59,640][torch.distributed.distributed_c10d][INFO] - Rank 1: Completed store-based barrier for key:store_based_barrier_key:1 with 2 nodes.
[2023-02-04 14:42:36,638][torch.distributed.nn.jit.instantiator][INFO] - Created a temporary directory at /tmp/tmpqmq96v9s
[2023-02-04 14:42:36,639][torch.distributed.nn.jit.instantiator][INFO] - Writing /tmp/tmpqmq96v9s/_remote_module_non_scriptable.py
[2023-02-04 14:42:42,898][torch.distributed.distributed_c10d][INFO] - Added key: store_based_barrier_key:1 to store for rank: 1
[2023-02-04 14:42:42,909][torch.distributed.distributed_c10d][INFO] - Rank 1: Completed store-based barrier for key:store_based_barrier_key:1 with 2 nodes.
[2023-02-04 14:43:55,219][torch.distributed.nn.jit.instantiator][INFO] - Created a temporary directory at /tmp/tmpcx0e0ivc
[2023-02-04 14:43:55,220][torch.distributed.nn.jit.instantiator][INFO] - Writing /tmp/tmpcx0e0ivc/_remote_module_non_scriptable.py
[2023-02-04 14:44:01,343][torch.distributed.distributed_c10d][INFO] - Added key: store_based_barrier_key:1 to store for rank: 1
[2023-02-04 14:44:01,355][torch.distributed.distributed_c10d][INFO] - Rank 1: Completed store-based barrier for key:store_based_barrier_key:1 with 2 nodes.
